2025-07-12 23:56:59,706 - INFO - Бот запущен...
2025-07-12 23:56:59,934 - INFO - HTTP Request: POST https://api.telegram.org/bot7011646105:AAEvsVEH9fkk5Sur68aF1-OYK9zoD_AX3g0/getMe "HTTP/1.1 200 OK"
2025-07-12 23:56:59,994 - INFO - HTTP Request: POST https://api.telegram.org/bot7011646105:AAEvsVEH9fkk5Sur68aF1-OYK9zoD_AX3g0/deleteWebhook "HTTP/1.1 200 OK"
2025-07-12 23:56:59,995 - INFO - Application started
2025-07-12 23:57:10,181 - INFO - HTTP Request: POST https://api.telegram.org/bot7011646105:AAEvsVEH9fkk5Sur68aF1-OYK9zoD_AX3g0/getUpdates "HTTP/1.1 200 OK"
2025-07-12 23:57:20,244 - INFO - HTTP Request: POST https://api.telegram.org/bot7011646105:AAEvsVEH9fkk5Sur68aF1-OYK9zoD_AX3g0/getUpdates "HTTP/1.1 200 OK"
2025-07-12 23:57:25,011 - INFO - HTTP Request: POST https://api.telegram.org/bot7011646105:AAEvsVEH9fkk5Sur68aF1-OYK9zoD_AX3g0/getUpdates "HTTP/1.1 200 OK"
2025-07-12 23:57:25,232 - INFO - HTTP Request: POST https://api.telegram.org/bot7011646105:AAEvsVEH9fkk5Sur68aF1-OYK9zoD_AX3g0/sendMessage "HTTP/1.1 200 OK"
2025-07-12 23:57:33,448 - INFO - HTTP Request: POST https://api.telegram.org/bot7011646105:AAEvsVEH9fkk5Sur68aF1-OYK9zoD_AX3g0/getUpdates "HTTP/1.1 200 OK"
2025-07-12 23:57:33,859 - INFO - HTTP Request: POST https://api.telegram.org/bot7011646105:AAEvsVEH9fkk5Sur68aF1-OYK9zoD_AX3g0/sendMessage "HTTP/1.1 200 OK"
2025-07-12 23:57:36,473 - INFO - HTTP Request: POST https://api.telegram.org/bot7011646105:AAEvsVEH9fkk5Sur68aF1-OYK9zoD_AX3g0/getUpdates "HTTP/1.1 200 OK"
2025-07-12 23:57:36,600 - INFO - HTTP Request: POST https://api.telegram.org/bot7011646105:AAEvsVEH9fkk5Sur68aF1-OYK9zoD_AX3g0/sendMessage "HTTP/1.1 200 OK"
2025-07-12 23:57:46,566 - INFO - HTTP Request: POST https://api.telegram.org/bot7011646105:AAEvsVEH9fkk5Sur68aF1-OYK9zoD_AX3g0/getUpdates "HTTP/1.1 200 OK"
2025-07-12 23:57:56,626 - INFO - HTTP Request: POST https://api.telegram.org/bot7011646105:AAEvsVEH9fkk5Sur68aF1-OYK9zoD_AX3g0/getUpdates "HTTP/1.1 200 OK"
2025-07-12 23:58:06,733 - INFO - HTTP Request: POST https://api.telegram.org/bot7011646105:AAEvsVEH9fkk5Sur68aF1-OYK9zoD_AX3g0/getUpdates "HTTP/1.1 200 OK"
2025-07-12 23:58:16,824 - INFO - HTTP Request: POST https://api.telegram.org/bot7011646105:AAEvsVEH9fkk5Sur68aF1-OYK9zoD_AX3g0/getUpdates "HTTP/1.1 200 OK"
2025-07-12 23:58:26,930 - INFO - HTTP Request: POST https://api.telegram.org/bot7011646105:AAEvsVEH9fkk5Sur68aF1-OYK9zoD_AX3g0/getUpdates "HTTP/1.1 200 OK"
2025-07-12 23:58:36,991 - INFO - HTTP Request: POST https://api.telegram.org/bot7011646105:AAEvsVEH9fkk5Sur68aF1-OYK9zoD_AX3g0/getUpdates "HTTP/1.1 200 OK"
2025-07-12 23:58:47,044 - INFO - HTTP Request: POST https://api.telegram.org/bot7011646105:AAEvsVEH9fkk5Sur68aF1-OYK9zoD_AX3g0/getUpdates "HTTP/1.1 200 OK"
2025-07-12 23:58:57,092 - INFO - HTTP Request: POST https://api.telegram.org/bot7011646105:AAEvsVEH9fkk5Sur68aF1-OYK9zoD_AX3g0/getUpdates "HTTP/1.1 200 OK"
2025-07-12 23:59:07,164 - INFO - HTTP Request: POST https://api.telegram.org/bot7011646105:AAEvsVEH9fkk5Sur68aF1-OYK9zoD_AX3g0/getUpdates "HTTP/1.1 200 OK"
2025-07-12 23:59:17,229 - INFO - HTTP Request: POST https://api.telegram.org/bot7011646105:AAEvsVEH9fkk5Sur68aF1-OYK9zoD_AX3g0/getUpdates "HTTP/1.1 200 OK"
2025-07-12 23:59:27,304 - INFO - HTTP Request: POST https://api.telegram.org/bot7011646105:AAEvsVEH9fkk5Sur68aF1-OYK9zoD_AX3g0/getUpdates "HTTP/1.1 200 OK"
2025-07-12 23:59:37,354 - INFO - HTTP Request: POST https://api.telegram.org/bot7011646105:AAEvsVEH9fkk5Sur68aF1-OYK9zoD_AX3g0/getUpdates "HTTP/1.1 200 OK"
2025-07-12 23:59:47,427 - INFO - HTTP Request: POST https://api.telegram.org/bot7011646105:AAEvsVEH9fkk5Sur68aF1-OYK9zoD_AX3g0/getUpdates "HTTP/1.1 200 OK"
2025-07-12 23:59:57,486 - INFO - HTTP Request: POST https://api.telegram.org/bot7011646105:AAEvsVEH9fkk5Sur68aF1-OYK9zoD_AX3g0/getUpdates "HTTP/1.1 200 OK"
2025-07-13 00:00:07,538 - INFO - HTTP Request: POST https://api.telegram.org/bot7011646105:AAEvsVEH9fkk5Sur68aF1-OYK9zoD_AX3g0/getUpdates "HTTP/1.1 200 OK"
